Using pre-set license
Built from '2020.3/release' branch; Version is '2020.3.1f1 (77a89f25062f) revision 7841951'; Using compiler version '192528614'; Build Type 'Release'
OS: 'Windows 10 Home; OS build 19045.4291; Version 2009; 64bit' Language: 'en' Physical Memory: 8173 MB
BatchMode: 1, IsHumanControllingUs: 0, StartBugReporterOnCrash: 0, Is64bit: 1, IsPro: 0

 COMMAND LINE ARGUMENTS:
C:\Program Files\Unity\Hub\Editor\2020.3.1f1\Editor\Unity.exe
-adb2
-batchMode
-noUpm
-name
AssetImportWorker0
-projectPath
C:/Users/jlynd/OneDrive/Desktop/VR Game Design/Create-with-VR_2020LTS/Dream Game
-logFile
Logs/AssetImportWorker0.log
-srvPort
51353
Successfully changed project path to: C:/Users/jlynd/OneDrive/Desktop/VR Game Design/Create-with-VR_2020LTS/Dream Game
C:/Users/jlynd/OneDrive/Desktop/VR Game Design/Create-with-VR_2020LTS/Dream Game
Using Asset Import Pipeline V2.
Refreshing native plugins compatible for Editor in 128.86 ms, found 8 plugins.
Preloading 1 native plugins for Editor in 1.45 ms.
Initialize engine version: 2020.3.1f1 (77a89f25062f)
[Subsystems] Discovering subsystems at path C:/Program Files/Unity/Hub/Editor/2020.3.1f1/Editor/Data/Resources/UnitySubsystems
[Subsystems] Discovering subsystems at path C:/Users/jlynd/OneDrive/Desktop/VR Game Design/Create-with-VR_2020LTS/Dream Game/Assets
GfxDevice: creating device client; threaded=0
Direct3D:
    Version:  Direct3D 11.0 [level 11.0]
    Renderer: NVIDIA GeForce GTX 750 (ID=0x1381)
    Vendor:   
    VRAM:     2006 MB
    Driver:   31.0.15.3623
Shader 'Universal Render Pipeline/Particles/Lit': fallback shader 'Universal Render Pipeline/Particles/SimpleLit' not found
Initialize mono
Mono path[0] = 'C:/Program Files/Unity/Hub/Editor/2020.3.1f1/Editor/Data/Managed'
Mono path[1] = 'C:/Program Files/Unity/Hub/Editor/2020.3.1f1/Editor/Data/MonoBleedingEdge/lib/mono/unityjit'
Mono config path = 'C:/Program Files/Unity/Hub/Editor/2020.3.1f1/Editor/Data/MonoBleedingEdge/etc'
Using monoOptions --debugger-agent=transport=dt_socket,embedding=1,server=y,suspend=n,address=127.0.0.1:56876
Begin MonoManager ReloadAssembly
Registering precompiled unity dll's ...
Register platform support module: C:/Program Files/Unity/Hub/Editor/2020.3.1f1/Editor/Data/PlaybackEngines/WindowsStandaloneSupport/UnityEditor.WindowsStandalone.Extensions.dll
Registered in 0.004170 seconds.
Native extension for WindowsStandalone target not found
Refreshing native plugins compatible for Editor in 143.03 ms, found 8 plugins.
Preloading 1 native plugins for Editor in 0.30 ms.
Invoked RoslynAnalysisRunner static constructor.
RoslynAnalysisRunner will not be running.
RoslynAnalysisRunner has terminated.
Mono: successfully reloaded assembly
- Completed reload, in  4.353 seconds
Platform modules already initialized, skipping
Registering precompiled user dll's ...
Registered in 0.011419 seconds.
Begin MonoManager ReloadAssembly
Native extension for WindowsStandalone target not found
Refreshing native plugins compatible for Editor in 118.19 ms, found 8 plugins.
Preloading 1 native plugins for Editor in 0.21 ms.
Invoked RoslynAnalysisRunner static constructor.
RoslynAnalysisRunner will not be running.
RoslynAnalysisRunner has terminated.
[XR] OculusXRPlugin: registering subsystems
[XR] Unable to register display lifecyle provider: [1]
[XR] Oculus Input lifecycle provider registered.
[XR] Unable to register input lifecyle provider: [1]
NullReferenceException: Object reference not set to an instance of an object
  at Unity.XR.Oculus.OculusLoader.AssetPathToAbsolutePath (System.String assetPath) [0x00048] in C:\Users\jlynd\OneDrive\Desktop\VR Game Design\Create-with-VR_2020LTS\Dream Game\Library\PackageCache\com.unity.xr.oculus@1.8.1\Runtime\OculusLoader.cs:243 
  at Unity.XR.Oculus.OculusLoader.EditorLoadOVRPlugin () [0x0007b] in C:\Users\jlynd\OneDrive\Desktop\VR Game Design\Create-with-VR_2020LTS\Dream Game\Library\PackageCache\com.unity.xr.oculus@1.8.1\Runtime\OculusLoader.cs:228 

(Filename: Library/PackageCache/com.unity.xr.oculus@1.8.1/Runtime/OculusLoader.cs Line: 243)

Mono: successfully reloaded assembly
- Completed reload, in  2.173 seconds
Platform modules already initialized, skipping
========================================================================
Worker process is ready to serve import requests
Shader 'Universal Render Pipeline/Particles/Lit': fallback shader 'Universal Render Pipeline/Particles/SimpleLit' not found
Launched and connected shader compiler UnityShaderCompiler.exe after 0.07 seconds
Refreshing native plugins compatible for Editor in 1.58 ms, found 8 plugins.
Preloading 1 native plugins for Editor in 0.17 ms.
Unloading 3112 Unused Serialized files (Serialized files now loaded: 0)
System memory in use before: 142.4 MB.
System memory in use after: 142.5 MB.

Unloading 26 unused Assets to reduce memory usage. Loaded Objects now: 3549.
Total: 5.071800 ms (FindLiveObjects: 0.732000 ms CreateObjectMapping: 0.180500 ms MarkObjects: 4.041800 ms  DeleteObjects: 0.115300 ms)

========================================================================
Received Import Request.
  path: Assets/fixedbedroom.fbx
  artifactKey: Guid(6bedb894a150d0f46896e3257cd093c5) Importer(815301076,1909f56bfc062723c751e8b465ee728b)
Start importing Assets/fixedbedroom.fbx using Guid(6bedb894a150d0f46896e3257cd093c5) Importer(815301076,1909f56bfc062723c751e8b465ee728b)  -> (artifact id: '938abf0767d713f796ef85b7930d659c') in 0.789544 seconds
  Import took 0.815063 seconds .

========================================================================
Received Prepare
Shader 'Universal Render Pipeline/Particles/Lit': fallback shader 'Universal Render Pipeline/Particles/SimpleLit' not found
Refreshing native plugins compatible for Editor in 12.55 ms, found 8 plugins.
Preloading 1 native plugins for Editor in 0.12 ms.
Unloading 16 Unused Serialized files (Serialized files now loaded: 0)
System memory in use before: 77.6 MB.
System memory in use after: 77.8 MB.

Unloading 16 unused Assets to reduce memory usage. Loaded Objects now: 3656.
Total: 6.028000 ms (FindLiveObjects: 0.864000 ms CreateObjectMapping: 0.200100 ms MarkObjects: 4.922300 ms  DeleteObjects: 0.039800 ms)

========================================================================
Received Prepare
Shader 'Universal Render Pipeline/Particles/Lit': fallback shader 'Universal Render Pipeline/Particles/SimpleLit' not found
Refreshing native plugins compatible for Editor in 9.76 ms, found 8 plugins.
Preloading 1 native plugins for Editor in 0.12 ms.
Unloading 16 Unused Serialized files (Serialized files now loaded: 0)
System memory in use before: 77.6 MB.
System memory in use after: 77.8 MB.

Unloading 16 unused Assets to reduce memory usage. Loaded Objects now: 3656.
Total: 7.331900 ms (FindLiveObjects: 0.699500 ms CreateObjectMapping: 0.193000 ms MarkObjects: 6.394500 ms  DeleteObjects: 0.043100 ms)

========================================================================
Received Prepare
Shader 'Universal Render Pipeline/Particles/Lit': fallback shader 'Universal Render Pipeline/Particles/SimpleLit' not found
Refreshing native plugins compatible for Editor in 9.41 ms, found 8 plugins.
Preloading 1 native plugins for Editor in 0.12 ms.
Unloading 16 Unused Serialized files (Serialized files now loaded: 0)
System memory in use before: 77.6 MB.
System memory in use after: 77.8 MB.

Unloading 16 unused Assets to reduce memory usage. Loaded Objects now: 3656.
Total: 6.242400 ms (FindLiveObjects: 0.734400 ms CreateObjectMapping: 0.195500 ms MarkObjects: 5.266200 ms  DeleteObjects: 0.044300 ms)

========================================================================
Received Prepare
Shader 'Universal Render Pipeline/Particles/Lit': fallback shader 'Universal Render Pipeline/Particles/SimpleLit' not found
Refreshing native plugins compatible for Editor in 11.41 ms, found 8 plugins.
Preloading 1 native plugins for Editor in 0.15 ms.
Unloading 16 Unused Serialized files (Serialized files now loaded: 0)
System memory in use before: 77.6 MB.
System memory in use after: 77.8 MB.

Unloading 16 unused Assets to reduce memory usage. Loaded Objects now: 3656.
Total: 5.868600 ms (FindLiveObjects: 0.745200 ms CreateObjectMapping: 0.187900 ms MarkObjects: 4.906100 ms  DeleteObjects: 0.027900 ms)

========================================================================
Received Prepare
Shader 'Universal Render Pipeline/Particles/Lit': fallback shader 'Universal Render Pipeline/Particles/SimpleLit' not found
Refreshing native plugins compatible for Editor in 10.54 ms, found 8 plugins.
Preloading 1 native plugins for Editor in 0.13 ms.
Unloading 16 Unused Serialized files (Serialized files now loaded: 0)
System memory in use before: 77.6 MB.
System memory in use after: 77.8 MB.

Unloading 16 unused Assets to reduce memory usage. Loaded Objects now: 3656.
Total: 5.493100 ms (FindLiveObjects: 0.697400 ms CreateObjectMapping: 0.186600 ms MarkObjects: 4.572400 ms  DeleteObjects: 0.035400 ms)

========================================================================
Received Prepare
Shader 'Universal Render Pipeline/Particles/Lit': fallback shader 'Universal Render Pipeline/Particles/SimpleLit' not found
Refreshing native plugins compatible for Editor in 12.48 ms, found 8 plugins.
Preloading 1 native plugins for Editor in 0.15 ms.
Unloading 16 Unused Serialized files (Serialized files now loaded: 0)
System memory in use before: 77.6 MB.
System memory in use after: 77.8 MB.

Unloading 16 unused Assets to reduce memory usage. Loaded Objects now: 3656.
Total: 7.609000 ms (FindLiveObjects: 0.901500 ms CreateObjectMapping: 0.199400 ms MarkObjects: 6.461100 ms  DeleteObjects: 0.044400 ms)

AssetImportWorkerClient::OnTransportError - code=2 error=End of file
